<?xml version="1.0" encoding="UTF-8"?>
<testsuite name="app.identifier.IdentifierInitialTest" tests="2" skipped="0" failures="0" errors="0" timestamp="2023-07-10T12:54:25" hostname="phk" time="0.005">
  <properties/>
  <testcase name="validateIdentifier01" classname="app.identifier.IdentifierInitialTest" time="0.004"/>
  <testcase name="validateIdentifier02" classname="app.identifier.IdentifierInitialTest" time="0.001"/>
  <system-out><![CDATA[]]></system-out>
  <system-err><![CDATA[]]></system-err>
</testsuite>
